<?xml version="1.0" encoding="UTF-8"?>
<!-- Generated by org.testng.reporters.JUnitReportReporter -->
<testsuite hostname="DESKTOP-JER5TCF" failures="0" tests="1" name="testcasescripts.LoginPageTest" time="5.108" errors="0" timestamp="2022-05-19T09:53:25 IST" skipped="0">
  <testcase classname="testcasescripts.LoginPageTest" name="LoginTest" time="5.108"/>
  <system-out/>
</testsuite> <!-- testcasescripts.LoginPageTest -->
