<?xml version="1.0" encoding="UTF-8"?>
<!-- Generated by org.testng.reporters.JUnitReportReporter -->
<testsuite hostname="DESKTOP-JER5TCF" failures="0" tests="1" name="testcasescripts.LoginPageTest" time="8.666" errors="0" timestamp="2022-05-23T07:03:54 IST" skipped="0">
  <testcase classname="testcasescripts.LoginPageTest" name="LoginTest" time="8.666"/>
  <system-out/>
</testsuite> <!-- testcasescripts.LoginPageTest -->
