<?xml version="1.0" encoding="UTF-8"?>
<!-- Generated by org.testng.reporters.JUnitReportReporter -->
<testsuite hostname="DESKTOP-JER5TCF" failures="0" tests="1" name="testcasescripts.LoginpageDatabaseTest" time="17.950" errors="0" timestamp="2022-05-23T07:07:51 IST" skipped="0">
  <testcase classname="testcasescripts.LoginpageDatabaseTest" name="hrmslogin" time="17.950"/>
  <system-out/>
</testsuite> <!-- testcasescripts.LoginpageDatabaseTest -->
